<?xml version="1.0" encoding="UTF-8"?>
<testng-results ignored="0" total="4" passed="4" failed="0" skipped="0">
  <reporter-output>
  </reporter-output>
  <suite started-at="2021-03-01T20:53:03 IST" name="Default suite" finished-at="2021-03-01T20:53:59 IST" duration-ms="56192">
    <groups>
    </groups>
    <test started-at="2021-03-01T20:53:03 IST" name="Default test" finished-at="2021-03-01T20:53:59 IST" duration-ms="56192">
      <class name="LoginRelatedTCs.TC01_Login">
        <test-method signature="LoginPage(java.lang.String, java.lang.String)[pri:0, instance:LoginRelatedTCs.TC01_Login@29176cc1]" started-at="2021-03-01T20:53:03 IST" name="LoginPage" data-provider="LoginData" finished-at="2021-03-01T20:53:20 IST" duration-ms="17385" status="PASS">
          <params>
            <param index="0">
              <value>
                <![CDATA[Admin]]>
              </value>
            </param>
            <param index="1">
              <value>
                <![CDATA[admin12]]>
              </value>
            </param>
          </params>
          <reporter-output>
          </reporter-output>
        </test-method> <!-- LoginPage -->
        <test-method signature="LoginPage(java.lang.String, java.lang.String)[pri:0, instance:LoginRelatedTCs.TC01_Login@29176cc1]" started-at="2021-03-01T20:53:20 IST" name="LoginPage" data-provider="LoginData" finished-at="2021-03-01T20:53:31 IST" duration-ms="10631" status="PASS">
          <params>
            <param index="0">
              <value>
                <![CDATA[Admin123]]>
              </value>
            </param>
            <param index="1">
              <value>
                <![CDATA[admin123]]>
              </value>
            </param>
          </params>
          <reporter-output>
          </reporter-output>
        </test-method> <!-- LoginPage -->
        <test-method signature="LoginPage(java.lang.String, java.lang.String)[pri:0, instance:LoginRelatedTCs.TC01_Login@29176cc1]" started-at="2021-03-01T20:53:31 IST" name="LoginPage" data-provider="LoginData" finished-at="2021-03-01T20:53:41 IST" duration-ms="10130" status="PASS">
          <params>
            <param index="0">
              <value>
                <![CDATA[Admin123]]>
              </value>
            </param>
            <param index="1">
              <value>
                <![CDATA[admin12]]>
              </value>
            </param>
          </params>
          <reporter-output>
          </reporter-output>
        </test-method> <!-- LoginPage -->
        <test-method signature="LoginPage(java.lang.String, java.lang.String)[pri:0, instance:LoginRelatedTCs.TC01_Login@29176cc1]" started-at="2021-03-01T20:53:41 IST" name="LoginPage" data-provider="LoginData" finished-at="2021-03-01T20:53:59 IST" duration-ms="17803" status="PASS">
          <params>
            <param index="0">
              <value>
                <![CDATA[Admin]]>
              </value>
            </param>
            <param index="1">
              <value>
                <![CDATA[admin123]]>
              </value>
            </param>
          </params>
          <reporter-output>
          </reporter-output>
        </test-method> <!-- LoginPage -->
      </class> <!-- LoginRelatedTCs.TC01_Login -->
    </test> <!-- Default test -->
  </suite> <!-- Default suite -->
</testng-results>
