<?xml version="1.0" encoding="UTF-8"?>
<!-- Generated by org.testng.reporters.JUnitXMLReporter -->
<testsuite ignored="0" hostname="DESKTOP-93BOKER" failures="0" tests="4" name="Default test" time="56.192" errors="0" timestamp="2021-03-01T20:53:59 IST">
  <testcase classname="LoginRelatedTCs.TC01_Login" name="LoginPage" time="17.385"/>
  <testcase classname="LoginRelatedTCs.TC01_Login" name="LoginPage" time="10.631"/>
  <testcase classname="LoginRelatedTCs.TC01_Login" name="LoginPage" time="10.13"/>
  <testcase classname="LoginRelatedTCs.TC01_Login" name="LoginPage" time="17.803"/>
</testsuite> <!-- Default test -->
