<?xml version="1.0" encoding="UTF-8"?>
<!-- Generated by org.testng.reporters.JUnitXMLReporter -->
<testsuite ignored="0" hostname="DESKTOP-93BOKER" failures="1" tests="1" name="Login Scenario" time="0.374" errors="0" timestamp="2021-01-25T20:13:36 IST">
  <testcase classname="LoginRelatedTCs.TC01_Login" name="LoginPage" time="0.31">
    <failure type="org.testng.internal.reflect.MethodMatcherException" message="
[private void LoginRelatedTCs.TC01_Login.LoginPage(java.lang.String,java.lang.String)] has no parameters defined but was found to be using a data provider (either explicitly specified or inherited from class level annotation).
Data provider mismatch
Method: LoginPage([Parameter{index=0, type=java.lang.String, declaredAnnotations=[]}, Parameter{index=1, type=java.lang.String, declaredAnnotations=[]}])
Arguments: [(java.lang.String) myhealth2016p01@gmail.com,(java.lang.String) Think100%,(java.lang.String) ,(java.lang.String) ,(java.lang.String) ,(java.lang.String) ]">
      <![CDATA[org.testng.internal.reflect.MethodMatcherException: 
[private void LoginRelatedTCs.TC01_Login.LoginPage(java.lang.String,java.lang.String)] has no parameters defined but was found to be using a data provider (either explicitly specified or inherited from class level annotation).
Data provider mismatch
Method: LoginPage([Parameter{index=0, type=java.lang.String, declaredAnnotations=[]}, Parameter{index=1, type=java.lang.String, declaredAnnotations=[]}])
Arguments: [(java.lang.String) myhealth2016p01@gmail.com,(java.lang.String) Think100%,(java.lang.String) ,(java.lang.String) ,(java.lang.String) ,(java.lang.String) ]
at java.base/java.util.ArrayList.forEach(ArrayList.java:1511)
... Removed 22 stack frames]]>
    </failure>
  </testcase> <!-- LoginPage -->
</testsuite> <!-- Login Scenario -->
