<?xml version="1.0" encoding="UTF-8"?>
<!-- Generated by org.testng.reporters.JUnitXMLReporter -->
<testsuite ignored="0" hostname="DESKTOP-93BOKER" failures="0" tests="4" name="Test Name" time="23.111" errors="0" timestamp="2021-01-24T00:29:00 IST">
  <testcase classname="LoginRelatedTCs.TC01_BothCredentialsValid" name="LoginPage" time="17.673"/>
  <testcase classname="LoginRelatedTCs.TC02_InvalidPassword" name="LoginPage" time="1.986"/>
  <testcase classname="LoginRelatedTCs.TC03_InvalidUserName" name="LoginPage" time="2.0"/>
  <testcase classname="LoginRelatedTCs.TC04_BothCredentialsInvalid" name="LoginPage" time="1.38"/>
</testsuite> <!-- Test Name -->
